Vivado Simulator v2025.2
Copyright 1986-2022 Xilinx, Inc. All Rights Reserved.
Copyright 2022-2025 Advanced Micro Devices, Inc. All Rights Reserved.
Running: /mnt/disk1/Vivado/2025.2/Vivado/bin/unwrapped/lnx64.o/xelab --incr --debug typical --relax --mt 8 -L xil_defaultlib -L unisims_ver -L unimacro_ver -L secureip --snapshot riscv_cpu_tb_behav xil_defaultlib.riscv_cpu_tb xil_defaultlib.glbl -log elaborate.log 
Using 8 slave threads.
WARNING: [XSIM 43-3431] One or more environment variables have been detected which affect the operation of the C compiler. These are typically not set in standard installations and are not tested by AMD, however they may be appropriate for your system, so the flow will attempt to continue.  If errors occur, try running xelab with the "-mt off -v 1" switches to see more information from the C compiler. The following environment variables have been detected:
Starting static elaboration
Pass Through NonSizing Optimizer
WARNING: [VRFC 10-9543] actual bit length 1 differs from formal bit length 64 for port 'branch_target' [/home/liyu/cpuP/Vega_cpu/src/cpu/riscv_cpu.v:100]
WARNING: [VRFC 10-9543] actual bit length 1 differs from formal bit length 64 for port 'branch_target_o' [/home/liyu/cpuP/Vega_cpu/src/cpu/riscv_cpu.v:186]
Completed static elaboration
Starting simulation data flow analysis
WARNING: [XSIM 43-4099] "/home/liyu/cpuP/Vega_cpu/src/cpu/riscv_cpu.v" Line 6. Module riscv_cpu doesn't have a timescale but at least one module in design has a timescale.
WARNING: [XSIM 43-4099] "/home/liyu/cpuP/Vega_cpu/src/cpu/core/id_stage/register_file.v" Line 6. Module register_file doesn't have a timescale but at least one module in design has a timescale.
WARNING: [XSIM 43-4099] "/home/liyu/cpuP/Vega_cpu/src/cpu/core/if_stage/if_stage.v" Line 1. Module if_stage doesn't have a timescale but at least one module in design has a timescale.
WARNING: [XSIM 43-4099] "/home/liyu/cpuP/Vega_cpu/src/cpu/core/if_stage/btb.v" Line 1. Module btb doesn't have a timescale but at least one module in design has a timescale.
WARNING: [XSIM 43-4099] "/home/liyu/cpuP/Vega_cpu/src/cpu/core/if_stage/bht.v" Line 1. Module bht doesn't have a timescale but at least one module in design has a timescale.
WARNING: [XSIM 43-4099] "/home/liyu/cpuP/Vega_cpu/src/cpu/core/id_stage/id_stage.v" Line 6. Module id_stage doesn't have a timescale but at least one module in design has a timescale.
WARNING: [XSIM 43-4099] "/home/liyu/cpuP/Vega_cpu/src/cpu/core/id_stage/decoder.v" Line 6. Module decoder doesn't have a timescale but at least one module in design has a timescale.
WARNING: [XSIM 43-4099] "/home/liyu/cpuP/Vega_cpu/src/cpu/core/ex_stage/ex_stage.v" Line 6. Module ex_stage doesn't have a timescale but at least one module in design has a timescale.
WARNING: [XSIM 43-4099] "/home/liyu/cpuP/Vega_cpu/src/cpu/core/ex_stage/alu.v" Line 6. Module alu doesn't have a timescale but at least one module in design has a timescale.
WARNING: [XSIM 43-4099] "/home/liyu/cpuP/Vega_cpu/src/cpu/core/mem_stage/mem_stage.v" Line 6. Module mem_stage doesn't have a timescale but at least one module in design has a timescale.
WARNING: [XSIM 43-4099] "/home/liyu/cpuP/Vega_cpu/src/cpu/core/hazard_unit.v" Line 6. Module hazard_unit doesn't have a timescale but at least one module in design has a timescale.
Completed simulation data flow analysis
Time Resolution for simulation is 1ps
Compiling module xil_defaultlib.register_file
Compiling module xil_defaultlib.btb
Compiling module xil_defaultlib.bht
Compiling module xil_defaultlib.if_stage
Compiling module xil_defaultlib.decoder
Compiling module xil_defaultlib.id_stage
Compiling module xil_defaultlib.alu
Compiling module xil_defaultlib.ex_stage
Compiling module xil_defaultlib.mem_stage
Compiling module xil_defaultlib.hazard_unit
Compiling module xil_defaultlib.riscv_cpu
Compiling module xil_defaultlib.riscv_cpu_tb
Compiling module xil_defaultlib.glbl
Built simulation snapshot riscv_cpu_tb_behav
