INFO: [VRFC 10-2263] Analyzing Verilog file "/home/liyu/cpuP/Vega_cpu/src/cpu/core/ex_stage/alu.v" into library xil_defaultlib
INFO: [VRFC 10-311] analyzing module alu
INFO: [VRFC 10-2263] Analyzing Verilog file "/home/liyu/cpuP/Vega_cpu/src/cpu/core/if_stage/bht.v" into library xil_defaultlib
INFO: [VRFC 10-311] analyzing module bht
INFO: [VRFC 10-2263] Analyzing Verilog file "/home/liyu/cpuP/Vega_cpu/src/cpu/core/if_stage/btb.v" into library xil_defaultlib
INFO: [VRFC 10-311] analyzing module btb
INFO: [VRFC 10-2263] Analyzing Verilog file "/home/liyu/cpuP/Vega_cpu/src/cpu/core/id_stage/decoder.v" into library xil_defaultlib
INFO: [VRFC 10-311] analyzing module decoder
INFO: [VRFC 10-2263] Analyzing Verilog file "/home/liyu/cpuP/Vega_cpu/src/cpu/core/ex_stage/ex_stage.v" into library xil_defaultlib
INFO: [VRFC 10-311] analyzing module ex_stage
INFO: [VRFC 10-2263] Analyzing Verilog file "/home/liyu/cpuP/Vega_cpu/src/cpu/core/hazard_unit.v" into library xil_defaultlib
INFO: [VRFC 10-311] analyzing module hazard_unit
INFO: [VRFC 10-2263] Analyzing Verilog file "/home/liyu/cpuP/Vega_cpu/src/cpu/core/id_stage/id_stage.v" into library xil_defaultlib
INFO: [VRFC 10-311] analyzing module id_stage
INFO: [VRFC 10-2263] Analyzing Verilog file "/home/liyu/cpuP/Vega_cpu/src/cpu/core/if_stage/if_stage.v" into library xil_defaultlib
INFO: [VRFC 10-311] analyzing module if_stage
INFO: [VRFC 10-2263] Analyzing Verilog file "/home/liyu/cpuP/Vega_cpu/src/cpu/core/mem_stage/mem_stage.v" into library xil_defaultlib
INFO: [VRFC 10-311] analyzing module mem_stage
INFO: [VRFC 10-2263] Analyzing Verilog file "/home/liyu/cpuP/Vega_cpu/src/cpu/core/id_stage/register_file.v" into library xil_defaultlib
INFO: [VRFC 10-311] analyzing module register_file
INFO: [VRFC 10-2263] Analyzing Verilog file "/home/liyu/cpuP/Vega_cpu/src/cpu/riscv_cpu.v" into library xil_defaultlib
INFO: [VRFC 10-311] analyzing module riscv_cpu
INFO: [VRFC 10-2263] Analyzing Verilog file "/home/liyu/cpuP/Vega_cpu/test/riscv_cpu_tb.v" into library xil_defaultlib
INFO: [VRFC 10-311] analyzing module riscv_cpu_tb
